Analysis & Synthesis report for fpga-ecdsa
Tue Aug 29 19:47:52 2017
Quartus II 64-Bit Version 13.0.1 Build 232 06/12/2013 Service Pack 1 SJ Web Edition


---------------------
; Table of Contents ;
---------------------
  1. Legal Notice
  2. Analysis & Synthesis Summary
  3. Analysis & Synthesis Settings
  4. Parallel Compilation
  5. Analysis & Synthesis Source Files Read
  6. Analysis & Synthesis Resource Usage Summary
  7. Analysis & Synthesis Resource Utilization by Entity
  8. Registers Removed During Synthesis
  9. General Register Statistics
 10. Inverted Register Statistics
 11. Multiplexer Restructuring Statistics (Restructuring Performed)
 12. Port Connectivity Checks: "e_k163_point_addition:adder"
 13. Port Connectivity Checks: "e_k163_point_multiplication:sign_pmul_u1gu2qb"
 14. Port Connectivity Checks: "e_k163_point_multiplication:sign_pmul_u1gu2q"
 15. Port Connectivity Checks: "e_gf2m_divider_inv:sign_divide_edarx_k"
 16. Port Connectivity Checks: "e_gf2m_interleaved_multiplier:sign_mul_darx"
 17. Port Connectivity Checks: "e_k163_point_multiplication:sign_pmul_r|e_k163_point_addition:first_component|e_gf2m_classic_squarer:lambda_square_computation|e_gf2m_reducer:reducer"
 18. Port Connectivity Checks: "e_k163_point_multiplication:sign_pmul_r"
 19. Elapsed Time Per Partition
 20. Analysis & Synthesis Messages



----------------
; Legal Notice ;
----------------
Copyright (C) 1991-2013 Altera Corporation
Your use of Altera Corporation's design tools, logic functions 
and other software and tools, and its AMPP partner logic 
functions, and any output files from any of the foregoing 
(including device programming or simulation files), and any 
associated documentation or information are expressly subject 
to the terms and conditions of the Altera Program License 
Subscription Agreement, Altera MegaCore Function License 
Agreement, or other applicable license agreement, including, 
without limitation, that your use is for the sole purpose of 
programming logic devices manufactured by Altera and sold by 
Altera or its authorized distributors.  Please refer to the 
applicable agreement for further details.



+--------------------------------------------------------------------------------------+
; Analysis & Synthesis Summary                                                         ;
+------------------------------------+-------------------------------------------------+
; Analysis & Synthesis Status        ; Successful - Tue Aug 29 19:47:52 2017           ;
; Quartus II 64-Bit Version          ; 13.0.1 Build 232 06/12/2013 SP 1 SJ Web Edition ;
; Revision Name                      ; fpga-ecdsa                                      ;
; Top-level Entity Name              ; tld_ecdsa                                       ;
; Family                             ; Cyclone II                                      ;
; Total logic elements               ; 1,345                                           ;
;     Total combinational functions  ; 1,345                                           ;
;     Dedicated logic registers      ; 714                                             ;
; Total registers                    ; 714                                             ;
; Total pins                         ; 51                                              ;
; Total virtual pins                 ; 0                                               ;
; Total memory bits                  ; 0                                               ;
; Embedded Multiplier 9-bit elements ; 0                                               ;
; Total PLLs                         ; 0                                               ;
+------------------------------------+-------------------------------------------------+


+----------------------------------------------------------------------------------------------------------------------+
; Analysis & Synthesis Settings                                                                                        ;
+----------------------------------------------------------------------------+--------------------+--------------------+
; Option                                                                     ; Setting            ; Default Value      ;
+----------------------------------------------------------------------------+--------------------+--------------------+
; Device                                                                     ; EP2C35F672C6       ;                    ;
; Top-level entity name                                                      ; tld_ecdsa          ; fpga-ecdsa         ;
; Family name                                                                ; Cyclone II         ; Cyclone V          ;
; Use smart compilation                                                      ; Off                ; Off                ;
; Enable parallel Assembler and TimeQuest Timing Analyzer during compilation ; On                 ; On                 ;
; Enable compact report table                                                ; Off                ; Off                ;
; Restructure Multiplexers                                                   ; Auto               ; Auto               ;
; Create Debugging Nodes for IP Cores                                        ; Off                ; Off                ;
; Preserve fewer node names                                                  ; On                 ; On                 ;
; Disable OpenCore Plus hardware evaluation                                  ; Off                ; Off                ;
; Verilog Version                                                            ; Verilog_2001       ; Verilog_2001       ;
; VHDL Version                                                               ; VHDL_1993          ; VHDL_1993          ;
; State Machine Processing                                                   ; Auto               ; Auto               ;
; Safe State Machine                                                         ; Off                ; Off                ;
; Extract Verilog State Machines                                             ; On                 ; On                 ;
; Extract VHDL State Machines                                                ; On                 ; On                 ;
; Ignore Verilog initial constructs                                          ; Off                ; Off                ;
; Iteration limit for constant Verilog loops                                 ; 5000               ; 5000               ;
; Iteration limit for non-constant Verilog loops                             ; 250                ; 250                ;
; Add Pass-Through Logic to Inferred RAMs                                    ; On                 ; On                 ;
; Infer RAMs from Raw Logic                                                  ; On                 ; On                 ;
; Parallel Synthesis                                                         ; On                 ; On                 ;
; DSP Block Balancing                                                        ; Auto               ; Auto               ;
; NOT Gate Push-Back                                                         ; On                 ; On                 ;
; Power-Up Don't Care                                                        ; On                 ; On                 ;
; Remove Redundant Logic Cells                                               ; Off                ; Off                ;
; Remove Duplicate Registers                                                 ; On                 ; On                 ;
; Ignore CARRY Buffers                                                       ; Off                ; Off                ;
; Ignore CASCADE Buffers                                                     ; Off                ; Off                ;
; Ignore GLOBAL Buffers                                                      ; Off                ; Off                ;
; Ignore ROW GLOBAL Buffers                                                  ; Off                ; Off                ;
; Ignore LCELL Buffers                                                       ; Off                ; Off                ;
; Ignore SOFT Buffers                                                        ; On                 ; On                 ;
; Limit AHDL Integers to 32 Bits                                             ; Off                ; Off                ;
; Optimization Technique                                                     ; Balanced           ; Balanced           ;
; Carry Chain Length                                                         ; 70                 ; 70                 ;
; Auto Carry Chains                                                          ; On                 ; On                 ;
; Auto Open-Drain Pins                                                       ; On                 ; On                 ;
; Perform WYSIWYG Primitive Resynthesis                                      ; Off                ; Off                ;
; Auto ROM Replacement                                                       ; On                 ; On                 ;
; Auto RAM Replacement                                                       ; On                 ; On                 ;
; Auto Shift Register Replacement                                            ; Auto               ; Auto               ;
; Allow Shift Register Merging across Hierarchies                            ; Auto               ; Auto               ;
; Auto Clock Enable Replacement                                              ; On                 ; On                 ;
; Strict RAM Replacement                                                     ; Off                ; Off                ;
; Allow Synchronous Control Signals                                          ; On                 ; On                 ;
; Force Use of Synchronous Clear Signals                                     ; Off                ; Off                ;
; Auto RAM to Logic Cell Conversion                                          ; Off                ; Off                ;
; Auto Resource Sharing                                                      ; Off                ; Off                ;
; Allow Any RAM Size For Recognition                                         ; Off                ; Off                ;
; Allow Any ROM Size For Recognition                                         ; Off                ; Off                ;
; Allow Any Shift Register Size For Recognition                              ; Off                ; Off                ;
; Use LogicLock Constraints during Resource Balancing                        ; On                 ; On                 ;
; Ignore translate_off and synthesis_off directives                          ; Off                ; Off                ;
; Timing-Driven Synthesis                                                    ; Off                ; Off                ;
; Report Parameter Settings                                                  ; On                 ; On                 ;
; Report Source Assignments                                                  ; On                 ; On                 ;
; Report Connectivity Checks                                                 ; On                 ; On                 ;
; Ignore Maximum Fan-Out Assignments                                         ; Off                ; Off                ;
; Synchronization Register Chain Length                                      ; 2                  ; 2                  ;
; PowerPlay Power Optimization                                               ; Normal compilation ; Normal compilation ;
; HDL message level                                                          ; Level2             ; Level2             ;
; Suppress Register Optimization Related Messages                            ; Off                ; Off                ;
; Number of Removed Registers Reported in Synthesis Report                   ; 5000               ; 5000               ;
; Number of Swept Nodes Reported in Synthesis Report                         ; 5000               ; 5000               ;
; Number of Inverted Registers Reported in Synthesis Report                  ; 100                ; 100                ;
; Clock MUX Protection                                                       ; On                 ; On                 ;
; Auto Gated Clock Conversion                                                ; Off                ; Off                ;
; Block Design Naming                                                        ; Auto               ; Auto               ;
; SDC constraint protection                                                  ; Off                ; Off                ;
; Synthesis Effort                                                           ; Auto               ; Auto               ;
; Shift Register Replacement - Allow Asynchronous Clear Signal               ; On                 ; On                 ;
; Pre-Mapping Resynthesis Optimization                                       ; Off                ; Off                ;
; Analysis & Synthesis Message Level                                         ; Medium             ; Medium             ;
; Disable Register Merging Across Hierarchies                                ; Auto               ; Auto               ;
; Resource Aware Inference For Block RAM                                     ; On                 ; On                 ;
; Synthesis Seed                                                             ; 1                  ; 1                  ;
+----------------------------------------------------------------------------+--------------------+--------------------+


Parallel compilation was disabled, but you have multiple processors available. Enable parallel compilation to reduce compilation time.
+-------------------------------------+
; Parallel Compilation                ;
+----------------------------+--------+
; Processors                 ; Number ;
+----------------------------+--------+
; Number detected on machine ; 4      ;
; Maximum allowed            ; 1      ;
+----------------------------+--------+


+------------------------------------------------------------------------------------------------------------------------------------------------------------------+
; Analysis & Synthesis Source Files Read                                                                                                                           ;
+----------------------------------------+-----------------+-----------------+---------------------------------------------------------------------------+---------+
; File Name with User-Entered Path       ; Used in Netlist ; File Type       ; File Name with Absolute Path                                              ; Library ;
+----------------------------------------+-----------------+-----------------+---------------------------------------------------------------------------+---------+
; ../src/e_gf2m_divider_inv.vhd          ; yes             ; User VHDL File  ; C:/Users/mail/NAS/projects/fpga-ecdsa/src/e_gf2m_divider_inv.vhd          ;         ;
; ../src/e_gf2m_divider.vhd              ; yes             ; User VHDL File  ; C:/Users/mail/NAS/projects/fpga-ecdsa/src/e_gf2m_divider.vhd              ;         ;
; ../src/e_gf2m_eea_inversion.vhd        ; yes             ; User VHDL File  ; C:/Users/mail/NAS/projects/fpga-ecdsa/src/e_gf2m_eea_inversion.vhd        ;         ;
; ../src/tld_ecdsa.vhd                   ; yes             ; User VHDL File  ; C:/Users/mail/NAS/projects/fpga-ecdsa/src/tld_ecdsa.vhd                   ;         ;
; ../src/e_k163_point_multiplication.vhd ; yes             ; User VHDL File  ; C:/Users/mail/NAS/projects/fpga-ecdsa/src/e_k163_point_multiplication.vhd ;         ;
; ../src/e_k163_point_addition.vhd       ; yes             ; User VHDL File  ; C:/Users/mail/NAS/projects/fpga-ecdsa/src/e_k163_point_addition.vhd       ;         ;
; ../src/e_gf2m_squarer.vhd              ; yes             ; User VHDL File  ; C:/Users/mail/NAS/projects/fpga-ecdsa/src/e_gf2m_squarer.vhd              ;         ;
; ../src/e_gf2m_interleaved_mult.vhd     ; yes             ; User VHDL File  ; C:/Users/mail/NAS/projects/fpga-ecdsa/src/e_gf2m_interleaved_mult.vhd     ;         ;
+----------------------------------------+-----------------+-----------------+---------------------------------------------------------------------------+---------+


+-----------------------------------------------------+
; Analysis & Synthesis Resource Usage Summary         ;
+---------------------------------------------+-------+
; Resource                                    ; Usage ;
+---------------------------------------------+-------+
; Estimated Total logic elements              ; 1,345 ;
;                                             ;       ;
; Total combinational functions               ; 1345  ;
; Logic element usage by number of LUT inputs ;       ;
;     -- 4 input functions                    ; 685   ;
;     -- 3 input functions                    ; 348   ;
;     -- <=2 input functions                  ; 312   ;
;                                             ;       ;
; Logic elements by mode                      ;       ;
;     -- normal mode                          ; 1227  ;
;     -- arithmetic mode                      ; 118   ;
;                                             ;       ;
; Total registers                             ; 714   ;
;     -- Dedicated logic registers            ; 714   ;
;     -- I/O registers                        ; 0     ;
;                                             ;       ;
; I/O pins                                    ; 51    ;
; Embedded Multiplier 9-bit elements          ; 0     ;
; Maximum fan-out node                        ; clk_i ;
; Maximum fan-out                             ; 714   ;
; Total fan-out                               ; 7088  ;
; Average fan-out                             ; 3.36  ;
+---------------------------------------------+-------+


+-----------------------------------------------------------------------------------------------------------------------------------------------------------------------------------------------------------------------------------------------------------------------------------------------------------------------------------------------------------------------+
; Analysis & Synthesis Resource Utilization by Entity                                                                                                                                                                                                                                                                                                                   ;
+-----------------------------------------------------------+-------------------+--------------+-------------+--------------+---------+-----------+------+--------------+--------------------------------------------------------------------------------------------------------------------------------------------------------------------------------+--------------+
; Compilation Hierarchy Node                                ; LC Combinationals ; LC Registers ; Memory Bits ; DSP Elements ; DSP 9x9 ; DSP 18x18 ; Pins ; Virtual Pins ; Full Hierarchy Name                                                                                                                                                            ; Library Name ;
+-----------------------------------------------------------+-------------------+--------------+-------------+--------------+---------+-----------+------+--------------+--------------------------------------------------------------------------------------------------------------------------------------------------------------------------------+--------------+
; |tld_ecdsa                                                ; 1345 (57)         ; 714 (6)      ; 0           ; 0            ; 0       ; 0         ; 51   ; 0            ; |tld_ecdsa                                                                                                                                                                     ; work         ;
;    |e_gf2m_divider_inv:sign_divide_edarx_k|               ; 142 (8)           ; 87 (3)       ; 0           ; 0            ; 0       ; 0         ; 0    ; 0            ; |tld_ecdsa|e_gf2m_divider_inv:sign_divide_edarx_k                                                                                                                              ; work         ;
;       |e_gf2m_eea_inversion:inversion|                    ; 94 (46)           ; 51 (51)      ; 0           ; 0            ; 0       ; 0         ; 0    ; 0            ; |tld_ecdsa|e_gf2m_divider_inv:sign_divide_edarx_k|e_gf2m_eea_inversion:inversion                                                                                               ; work         ;
;          |e_gf2m_eea_inversion_data_path:data_path_block| ; 48 (48)           ; 0 (0)        ; 0           ; 0            ; 0       ; 0         ; 0    ; 0            ; |tld_ecdsa|e_gf2m_divider_inv:sign_divide_edarx_k|e_gf2m_eea_inversion:inversion|e_gf2m_eea_inversion_data_path:data_path_block                                                ; work         ;
;       |e_gf2m_interleaved_multiplier:multiplier|          ; 40 (11)           ; 33 (6)       ; 0           ; 0            ; 0       ; 0         ; 0    ; 0            ; |tld_ecdsa|e_gf2m_divider_inv:sign_divide_edarx_k|e_gf2m_interleaved_multiplier:multiplier                                                                                     ; work         ;
;          |e_gf2m_interleaved_data_path:data_path|         ; 29 (29)           ; 27 (27)      ; 0           ; 0            ; 0       ; 0         ; 0    ; 0            ; |tld_ecdsa|e_gf2m_divider_inv:sign_divide_edarx_k|e_gf2m_interleaved_multiplier:multiplier|e_gf2m_interleaved_data_path:data_path                                              ; work         ;
;    |e_gf2m_eea_inversion:verify_invs|                     ; 108 (65)          ; 51 (51)      ; 0           ; 0            ; 0       ; 0         ; 0    ; 0            ; |tld_ecdsa|e_gf2m_eea_inversion:verify_invs                                                                                                                                    ; work         ;
;       |e_gf2m_eea_inversion_data_path:data_path_block|    ; 43 (43)           ; 0 (0)        ; 0           ; 0            ; 0       ; 0         ; 0    ; 0            ; |tld_ecdsa|e_gf2m_eea_inversion:verify_invs|e_gf2m_eea_inversion_data_path:data_path_block                                                                                     ; work         ;
;    |e_gf2m_interleaved_multiplier:sign_mul_darx|          ; 38 (10)           ; 33 (6)       ; 0           ; 0            ; 0       ; 0         ; 0    ; 0            ; |tld_ecdsa|e_gf2m_interleaved_multiplier:sign_mul_darx                                                                                                                         ; work         ;
;       |e_gf2m_interleaved_data_path:data_path|            ; 28 (28)           ; 27 (27)      ; 0           ; 0            ; 0       ; 0         ; 0    ; 0            ; |tld_ecdsa|e_gf2m_interleaved_multiplier:sign_mul_darx|e_gf2m_interleaved_data_path:data_path                                                                                  ; work         ;
;    |e_gf2m_interleaved_multiplier:verify_mul_u1|          ; 36 (8)            ; 33 (6)       ; 0           ; 0            ; 0       ; 0         ; 0    ; 0            ; |tld_ecdsa|e_gf2m_interleaved_multiplier:verify_mul_u1                                                                                                                         ; work         ;
;       |e_gf2m_interleaved_data_path:data_path|            ; 28 (28)           ; 27 (27)      ; 0           ; 0            ; 0       ; 0         ; 0    ; 0            ; |tld_ecdsa|e_gf2m_interleaved_multiplier:verify_mul_u1|e_gf2m_interleaved_data_path:data_path                                                                                  ; work         ;
;    |e_gf2m_interleaved_multiplier:verify_mul_u2|          ; 20 (1)            ; 18 (0)       ; 0           ; 0            ; 0       ; 0         ; 0    ; 0            ; |tld_ecdsa|e_gf2m_interleaved_multiplier:verify_mul_u2                                                                                                                         ; work         ;
;       |e_gf2m_interleaved_data_path:data_path|            ; 19 (19)           ; 18 (18)      ; 0           ; 0            ; 0       ; 0         ; 0    ; 0            ; |tld_ecdsa|e_gf2m_interleaved_multiplier:verify_mul_u2|e_gf2m_interleaved_data_path:data_path                                                                                  ; work         ;
;    |e_k163_point_addition:adder|                          ; 120 (25)          ; 58 (3)       ; 0           ; 0            ; 0       ; 0         ; 0    ; 0            ; |tld_ecdsa|e_k163_point_addition:adder                                                                                                                                         ; work         ;
;       |e_gf2m_divider:divider|                            ; 85 (85)           ; 49 (49)      ; 0           ; 0            ; 0       ; 0         ; 0    ; 0            ; |tld_ecdsa|e_k163_point_addition:adder|e_gf2m_divider:divider                                                                                                                  ; work         ;
;       |e_gf2m_interleaved_multiplier:multiplier|          ; 10 (10)           ; 6 (6)        ; 0           ; 0            ; 0       ; 0         ; 0    ; 0            ; |tld_ecdsa|e_k163_point_addition:adder|e_gf2m_interleaved_multiplier:multiplier                                                                                                ; work         ;
;    |e_k163_point_multiplication:sign_pmul_r|              ; 275 (113)         ; 143 (58)     ; 0           ; 0            ; 0       ; 0         ; 0    ; 0            ; |tld_ecdsa|e_k163_point_multiplication:sign_pmul_r                                                                                                                             ; work         ;
;       |e_k163_point_addition:first_component|             ; 162 (37)          ; 85 (3)       ; 0           ; 0            ; 0       ; 0         ; 0    ; 0            ; |tld_ecdsa|e_k163_point_multiplication:sign_pmul_r|e_k163_point_addition:first_component                                                                                       ; work         ;
;          |e_gf2m_divider:divider|                         ; 85 (85)           ; 49 (49)      ; 0           ; 0            ; 0       ; 0         ; 0    ; 0            ; |tld_ecdsa|e_k163_point_multiplication:sign_pmul_r|e_k163_point_addition:first_component|e_gf2m_divider:divider                                                                ; work         ;
;          |e_gf2m_interleaved_multiplier:multiplier|       ; 40 (11)           ; 33 (6)       ; 0           ; 0            ; 0       ; 0         ; 0    ; 0            ; |tld_ecdsa|e_k163_point_multiplication:sign_pmul_r|e_k163_point_addition:first_component|e_gf2m_interleaved_multiplier:multiplier                                              ; work         ;
;             |e_gf2m_interleaved_data_path:data_path|      ; 29 (29)           ; 27 (27)      ; 0           ; 0            ; 0       ; 0         ; 0    ; 0            ; |tld_ecdsa|e_k163_point_multiplication:sign_pmul_r|e_k163_point_addition:first_component|e_gf2m_interleaved_multiplier:multiplier|e_gf2m_interleaved_data_path:data_path       ; work         ;
;    |e_k163_point_multiplication:sign_pmul_u1gu2qb|        ; 274 (113)         ; 142 (57)     ; 0           ; 0            ; 0       ; 0         ; 0    ; 0            ; |tld_ecdsa|e_k163_point_multiplication:sign_pmul_u1gu2qb                                                                                                                       ; work         ;
;       |e_k163_point_addition:first_component|             ; 161 (37)          ; 85 (3)       ; 0           ; 0            ; 0       ; 0         ; 0    ; 0            ; |tld_ecdsa|e_k163_point_multiplication:sign_pmul_u1gu2qb|e_k163_point_addition:first_component                                                                                 ; work         ;
;          |e_gf2m_divider:divider|                         ; 85 (85)           ; 49 (49)      ; 0           ; 0            ; 0       ; 0         ; 0    ; 0            ; |tld_ecdsa|e_k163_point_multiplication:sign_pmul_u1gu2qb|e_k163_point_addition:first_component|e_gf2m_divider:divider                                                          ; work         ;
;          |e_gf2m_interleaved_multiplier:multiplier|       ; 39 (11)           ; 33 (6)       ; 0           ; 0            ; 0       ; 0         ; 0    ; 0            ; |tld_ecdsa|e_k163_point_multiplication:sign_pmul_u1gu2qb|e_k163_point_addition:first_component|e_gf2m_interleaved_multiplier:multiplier                                        ; work         ;
;             |e_gf2m_interleaved_data_path:data_path|      ; 28 (28)           ; 27 (27)      ; 0           ; 0            ; 0       ; 0         ; 0    ; 0            ; |tld_ecdsa|e_k163_point_multiplication:sign_pmul_u1gu2qb|e_k163_point_addition:first_component|e_gf2m_interleaved_multiplier:multiplier|e_gf2m_interleaved_data_path:data_path ; work         ;
;    |e_k163_point_multiplication:sign_pmul_u1gu2q|         ; 275 (113)         ; 143 (58)     ; 0           ; 0            ; 0       ; 0         ; 0    ; 0            ; |tld_ecdsa|e_k163_point_multiplication:sign_pmul_u1gu2q                                                                                                                        ; work         ;
;       |e_k163_point_addition:first_component|             ; 162 (37)          ; 85 (3)       ; 0           ; 0            ; 0       ; 0         ; 0    ; 0            ; |tld_ecdsa|e_k163_point_multiplication:sign_pmul_u1gu2q|e_k163_point_addition:first_component                                                                                  ; work         ;
;          |e_gf2m_divider:divider|                         ; 85 (85)           ; 49 (49)      ; 0           ; 0            ; 0       ; 0         ; 0    ; 0            ; |tld_ecdsa|e_k163_point_multiplication:sign_pmul_u1gu2q|e_k163_point_addition:first_component|e_gf2m_divider:divider                                                           ; work         ;
;          |e_gf2m_interleaved_multiplier:multiplier|       ; 40 (11)           ; 33 (6)       ; 0           ; 0            ; 0       ; 0         ; 0    ; 0            ; |tld_ecdsa|e_k163_point_multiplication:sign_pmul_u1gu2q|e_k163_point_addition:first_component|e_gf2m_interleaved_multiplier:multiplier                                         ; work         ;
;             |e_gf2m_interleaved_data_path:data_path|      ; 29 (29)           ; 27 (27)      ; 0           ; 0            ; 0       ; 0         ; 0    ; 0            ; |tld_ecdsa|e_k163_point_multiplication:sign_pmul_u1gu2q|e_k163_point_addition:first_component|e_gf2m_interleaved_multiplier:multiplier|e_gf2m_interleaved_data_path:data_path  ; work         ;
+-----------------------------------------------------------+-------------------+--------------+-------------+--------------+---------+-----------+------+--------------+--------------------------------------------------------------------------------------------------------------------------------------------------------------------------------+--------------+
Note: For table entries with two numbers listed, the numbers in parentheses indicate the number of resources of the given type used by the specific entity alone. The numbers listed outside of parentheses indicate the total resources of the given type used by the specific entity and all of its sub-entities in the hierarchy.


+-------------------------------------------------------------------------------------------------------------------------------------------------------------------------------------------------+
; Registers Removed During Synthesis                                                                                                                                                              ;
+------------------------------------------------------------------------------------------+------------------------------------------------------------------------------------------------------+
; Register name                                                                            ; Reason for Removal                                                                                   ;
+------------------------------------------------------------------------------------------+------------------------------------------------------------------------------------------------------+
; e_k163_point_multiplication:sign_pmul_u1gu2qb|yyP[0]                                     ; Stuck at GND due to stuck port data_in                                                               ;
; e_k163_point_multiplication:sign_pmul_u1gu2qb|xxP[0]                                     ; Stuck at VCC due to stuck port data_in                                                               ;
; e_k163_point_multiplication:sign_pmul_u1gu2q|yyP[0]                                      ; Stuck at VCC due to stuck port data_in                                                               ;
; e_k163_point_multiplication:sign_pmul_u1gu2q|xxP[0]                                      ; Stuck at GND due to stuck port data_in                                                               ;
; e_k163_point_multiplication:sign_pmul_r|yyP[0]                                           ; Stuck at VCC due to stuck port data_in                                                               ;
; e_k163_point_multiplication:sign_pmul_r|xxP[0]                                           ; Stuck at GND due to stuck port data_in                                                               ;
; e_gf2m_interleaved_multiplier:verify_mul_u2|count[3]                                     ; Merged with e_gf2m_interleaved_multiplier:verify_mul_u1|count[3]                                     ;
; e_gf2m_interleaved_multiplier:verify_mul_u2|count[2]                                     ; Merged with e_gf2m_interleaved_multiplier:verify_mul_u1|count[2]                                     ;
; e_gf2m_interleaved_multiplier:verify_mul_u2|count[1]                                     ; Merged with e_gf2m_interleaved_multiplier:verify_mul_u1|count[1]                                     ;
; e_gf2m_interleaved_multiplier:verify_mul_u2|current_state[0]                             ; Merged with e_gf2m_interleaved_multiplier:verify_mul_u1|current_state[0]                             ;
; e_gf2m_interleaved_multiplier:verify_mul_u2|count[0]                                     ; Merged with e_gf2m_interleaved_multiplier:verify_mul_u1|count[0]                                     ;
; e_gf2m_interleaved_multiplier:verify_mul_u2|current_state[1]                             ; Merged with e_gf2m_interleaved_multiplier:verify_mul_u1|current_state[1]                             ;
; e_gf2m_interleaved_multiplier:verify_mul_u2|e_gf2m_interleaved_data_path:data_path|bb[8] ; Merged with e_gf2m_interleaved_multiplier:verify_mul_u1|e_gf2m_interleaved_data_path:data_path|bb[8] ;
; e_gf2m_interleaved_multiplier:verify_mul_u2|e_gf2m_interleaved_data_path:data_path|bb[7] ; Merged with e_gf2m_interleaved_multiplier:verify_mul_u1|e_gf2m_interleaved_data_path:data_path|bb[7] ;
; e_gf2m_interleaved_multiplier:verify_mul_u2|e_gf2m_interleaved_data_path:data_path|bb[6] ; Merged with e_gf2m_interleaved_multiplier:verify_mul_u1|e_gf2m_interleaved_data_path:data_path|bb[6] ;
; e_gf2m_interleaved_multiplier:verify_mul_u2|e_gf2m_interleaved_data_path:data_path|bb[5] ; Merged with e_gf2m_interleaved_multiplier:verify_mul_u1|e_gf2m_interleaved_data_path:data_path|bb[5] ;
; e_gf2m_interleaved_multiplier:verify_mul_u2|e_gf2m_interleaved_data_path:data_path|bb[4] ; Merged with e_gf2m_interleaved_multiplier:verify_mul_u1|e_gf2m_interleaved_data_path:data_path|bb[4] ;
; e_gf2m_interleaved_multiplier:verify_mul_u2|e_gf2m_interleaved_data_path:data_path|bb[3] ; Merged with e_gf2m_interleaved_multiplier:verify_mul_u1|e_gf2m_interleaved_data_path:data_path|bb[3] ;
; e_gf2m_interleaved_multiplier:verify_mul_u2|e_gf2m_interleaved_data_path:data_path|bb[2] ; Merged with e_gf2m_interleaved_multiplier:verify_mul_u1|e_gf2m_interleaved_data_path:data_path|bb[2] ;
; e_gf2m_interleaved_multiplier:verify_mul_u2|e_gf2m_interleaved_data_path:data_path|bb[1] ; Merged with e_gf2m_interleaved_multiplier:verify_mul_u1|e_gf2m_interleaved_data_path:data_path|bb[1] ;
; e_gf2m_interleaved_multiplier:verify_mul_u2|e_gf2m_interleaved_data_path:data_path|bb[0] ; Merged with e_gf2m_interleaved_multiplier:verify_mul_u1|e_gf2m_interleaved_data_path:data_path|bb[0] ;
; e_k163_point_multiplication:sign_pmul_u1gu2qb|xq_io[0]~reg0                              ; Stuck at VCC due to stuck port data_in                                                               ;
; Total Number of Removed Registers = 22                                                   ;                                                                                                      ;
+------------------------------------------------------------------------------------------+------------------------------------------------------------------------------------------------------+


+------------------------------------------------------+
; General Register Statistics                          ;
+----------------------------------------------+-------+
; Statistic                                    ; Value ;
+----------------------------------------------+-------+
; Total registers                              ; 714   ;
; Number of registers using Synchronous Clear  ; 43    ;
; Number of registers using Synchronous Load   ; 200   ;
; Number of registers using Asynchronous Clear ; 368   ;
; Number of registers using Asynchronous Load  ; 0     ;
; Number of registers using Clock Enable       ; 454   ;
; Number of registers using Preset             ; 0     ;
+----------------------------------------------+-------+


+--------------------------------------------------------------------------------------+
; Inverted Register Statistics                                                         ;
+----------------------------------------------------------------------------+---------+
; Inverted Register                                                          ; Fan out ;
+----------------------------------------------------------------------------+---------+
; e_gf2m_divider_inv:sign_divide_edarx_k|e_gf2m_eea_inversion:inversion|u[0] ; 4       ;
; e_gf2m_divider_inv:sign_divide_edarx_k|e_gf2m_eea_inversion:inversion|s[9] ; 18      ;
; e_gf2m_eea_inversion:verify_invs|u[0]                                      ; 4       ;
; e_gf2m_divider_inv:sign_divide_edarx_k|e_gf2m_eea_inversion:inversion|r[6] ; 2       ;
; e_gf2m_eea_inversion:verify_invs|s[9]                                      ; 19      ;
; e_gf2m_divider_inv:sign_divide_edarx_k|e_gf2m_eea_inversion:inversion|r[5] ; 3       ;
; e_gf2m_divider_inv:sign_divide_edarx_k|e_gf2m_eea_inversion:inversion|r[3] ; 2       ;
; e_gf2m_divider_inv:sign_divide_edarx_k|e_gf2m_eea_inversion:inversion|s[1] ; 2       ;
; e_gf2m_divider_inv:sign_divide_edarx_k|e_gf2m_eea_inversion:inversion|s[0] ; 2       ;
; e_gf2m_divider_inv:sign_divide_edarx_k|e_gf2m_eea_inversion:inversion|r[0] ; 4       ;
; e_gf2m_eea_inversion:verify_invs|s[1]                                      ; 2       ;
; e_gf2m_eea_inversion:verify_invs|s[0]                                      ; 1       ;
; Total number of inverted registers = 12                                    ;         ;
+----------------------------------------------------------------------------+---------+


+----------------------------------------------------------------------------------------------------------------------------------------------------------------------------------------------------------------------------------------------------------------------------------------------------+
; Multiplexer Restructuring Statistics (Restructuring Performed)                                                                                                                                                                                                                                     ;
+--------------------+-----------+---------------+----------------------+------------------------+------------+--------------------------------------------------------------------------------------------------------------------------------------------------------------------------------------+
; Multiplexer Inputs ; Bus Width ; Baseline Area ; Area if Restructured ; Saving if Restructured ; Registered ; Example Multiplexer Output                                                                                                                                                           ;
+--------------------+-----------+---------------+----------------------+------------------------+------------+--------------------------------------------------------------------------------------------------------------------------------------------------------------------------------------+
; 3:1                ; 35 bits   ; 70 LEs        ; 35 LEs               ; 35 LEs                 ; Yes        ; |tld_ecdsa|e_k163_point_multiplication:sign_pmul_r|xxP[5]                                                                                                                            ;
; 3:1                ; 26 bits   ; 52 LEs        ; 26 LEs               ; 26 LEs                 ; Yes        ; |tld_ecdsa|e_k163_point_multiplication:sign_pmul_u1gu2q|b[4]                                                                                                                         ;
; 3:1                ; 9 bits    ; 18 LEs        ; 9 LEs                ; 9 LEs                  ; Yes        ; |tld_ecdsa|e_k163_point_multiplication:sign_pmul_u1gu2q|a[3]                                                                                                                         ;
; 3:1                ; 26 bits   ; 52 LEs        ; 26 LEs               ; 26 LEs                 ; Yes        ; |tld_ecdsa|e_k163_point_multiplication:sign_pmul_u1gu2qb|yyP[2]                                                                                                                      ;
; 3:1                ; 9 bits    ; 18 LEs        ; 9 LEs                ; 9 LEs                  ; Yes        ; |tld_ecdsa|e_k163_point_multiplication:sign_pmul_u1gu2qb|a[7]                                                                                                                        ;
; 3:1                ; 6 bits    ; 12 LEs        ; 6 LEs                ; 6 LEs                  ; Yes        ; |tld_ecdsa|e_gf2m_divider_inv:sign_divide_edarx_k|e_gf2m_eea_inversion:inversion|r[4]                                                                                                ;
; 3:1                ; 5 bits    ; 10 LEs        ; 10 LEs               ; 0 LEs                  ; Yes        ; |tld_ecdsa|e_gf2m_divider_inv:sign_divide_edarx_k|e_gf2m_eea_inversion:inversion|d[1]                                                                                                ;
; 3:1                ; 8 bits    ; 16 LEs        ; 16 LEs               ; 0 LEs                  ; Yes        ; |tld_ecdsa|e_gf2m_divider_inv:sign_divide_edarx_k|e_gf2m_eea_inversion:inversion|u[1]                                                                                                ;
; 3:1                ; 22 bits   ; 44 LEs        ; 22 LEs               ; 22 LEs                 ; Yes        ; |tld_ecdsa|e_k163_point_addition:adder|e_gf2m_divider:divider|a[8]                                                                                                                   ;
; 3:1                ; 5 bits    ; 10 LEs        ; 5 LEs                ; 5 LEs                  ; Yes        ; |tld_ecdsa|e_k163_point_addition:adder|e_gf2m_divider:divider|beta[3]                                                                                                                ;
; 3:1                ; 3 bits    ; 6 LEs         ; 3 LEs                ; 3 LEs                  ; Yes        ; |tld_ecdsa|e_k163_point_addition:adder|e_gf2m_divider:divider|d[8]                                                                                                                   ;
; 3:1                ; 22 bits   ; 44 LEs        ; 22 LEs               ; 22 LEs                 ; Yes        ; |tld_ecdsa|e_k163_point_multiplication:sign_pmul_r|e_k163_point_addition:first_component|e_gf2m_divider:divider|c[5]                                                                 ;
; 3:1                ; 5 bits    ; 10 LEs        ; 5 LEs                ; 5 LEs                  ; Yes        ; |tld_ecdsa|e_k163_point_multiplication:sign_pmul_r|e_k163_point_addition:first_component|e_gf2m_divider:divider|beta[0]                                                              ;
; 3:1                ; 3 bits    ; 6 LEs         ; 3 LEs                ; 3 LEs                  ; Yes        ; |tld_ecdsa|e_k163_point_multiplication:sign_pmul_r|e_k163_point_addition:first_component|e_gf2m_divider:divider|d[8]                                                                 ;
; 3:1                ; 22 bits   ; 44 LEs        ; 22 LEs               ; 22 LEs                 ; Yes        ; |tld_ecdsa|e_k163_point_multiplication:sign_pmul_u1gu2q|e_k163_point_addition:first_component|e_gf2m_divider:divider|a[1]                                                            ;
; 3:1                ; 5 bits    ; 10 LEs        ; 5 LEs                ; 5 LEs                  ; Yes        ; |tld_ecdsa|e_k163_point_multiplication:sign_pmul_u1gu2q|e_k163_point_addition:first_component|e_gf2m_divider:divider|beta[1]                                                         ;
; 3:1                ; 3 bits    ; 6 LEs         ; 3 LEs                ; 3 LEs                  ; Yes        ; |tld_ecdsa|e_k163_point_multiplication:sign_pmul_u1gu2q|e_k163_point_addition:first_component|e_gf2m_divider:divider|b[8]                                                            ;
; 3:1                ; 22 bits   ; 44 LEs        ; 22 LEs               ; 22 LEs                 ; Yes        ; |tld_ecdsa|e_k163_point_multiplication:sign_pmul_u1gu2qb|e_k163_point_addition:first_component|e_gf2m_divider:divider|alpha[2]                                                       ;
; 3:1                ; 5 bits    ; 10 LEs        ; 5 LEs                ; 5 LEs                  ; Yes        ; |tld_ecdsa|e_k163_point_multiplication:sign_pmul_u1gu2qb|e_k163_point_addition:first_component|e_gf2m_divider:divider|beta[0]                                                        ;
; 3:1                ; 3 bits    ; 6 LEs         ; 3 LEs                ; 3 LEs                  ; Yes        ; |tld_ecdsa|e_k163_point_multiplication:sign_pmul_u1gu2qb|e_k163_point_addition:first_component|e_gf2m_divider:divider|d[0]                                                           ;
; 3:1                ; 5 bits    ; 10 LEs        ; 10 LEs               ; 0 LEs                  ; Yes        ; |tld_ecdsa|e_gf2m_eea_inversion:verify_invs|d[3]                                                                                                                                     ;
; 3:1                ; 8 bits    ; 16 LEs        ; 16 LEs               ; 0 LEs                  ; Yes        ; |tld_ecdsa|e_gf2m_eea_inversion:verify_invs|u[1]                                                                                                                                     ;
; 3:1                ; 4 bits    ; 8 LEs         ; 4 LEs                ; 4 LEs                  ; Yes        ; |tld_ecdsa|e_gf2m_divider_inv:sign_divide_edarx_k|e_gf2m_interleaved_multiplier:multiplier|count[3]                                                                                  ;
; 3:1                ; 8 bits    ; 16 LEs        ; 8 LEs                ; 8 LEs                  ; Yes        ; |tld_ecdsa|e_gf2m_divider_inv:sign_divide_edarx_k|e_gf2m_interleaved_multiplier:multiplier|e_gf2m_interleaved_data_path:data_path|bb[4]                                              ;
; 3:1                ; 4 bits    ; 8 LEs         ; 4 LEs                ; 4 LEs                  ; Yes        ; |tld_ecdsa|e_gf2m_interleaved_multiplier:sign_mul_darx|count[0]                                                                                                                      ;
; 3:1                ; 8 bits    ; 16 LEs        ; 8 LEs                ; 8 LEs                  ; Yes        ; |tld_ecdsa|e_gf2m_interleaved_multiplier:sign_mul_darx|e_gf2m_interleaved_data_path:data_path|bb[4]                                                                                  ;
; 3:1                ; 5 bits    ; 10 LEs        ; 5 LEs                ; 5 LEs                  ; Yes        ; |tld_ecdsa|e_gf2m_eea_inversion:verify_invs|count[1]                                                                                                                                 ;
; 3:1                ; 4 bits    ; 8 LEs         ; 4 LEs                ; 4 LEs                  ; Yes        ; |tld_ecdsa|e_gf2m_interleaved_multiplier:verify_mul_u1|count[0]                                                                                                                      ;
; 3:1                ; 8 bits    ; 16 LEs        ; 8 LEs                ; 8 LEs                  ; Yes        ; |tld_ecdsa|e_gf2m_interleaved_multiplier:verify_mul_u1|e_gf2m_interleaved_data_path:data_path|bb[3]                                                                                  ;
; 3:1                ; 5 bits    ; 10 LEs        ; 5 LEs                ; 5 LEs                  ; Yes        ; |tld_ecdsa|e_gf2m_divider_inv:sign_divide_edarx_k|e_gf2m_eea_inversion:inversion|count[0]                                                                                            ;
; 4:1                ; 15 bits   ; 30 LEs        ; 30 LEs               ; 0 LEs                  ; Yes        ; |tld_ecdsa|e_k163_point_addition:adder|e_gf2m_divider:divider|d[2]                                                                                                                   ;
; 3:1                ; 4 bits    ; 8 LEs         ; 4 LEs                ; 4 LEs                  ; Yes        ; |tld_ecdsa|e_k163_point_addition:adder|e_gf2m_interleaved_multiplier:multiplier|count[2]                                                                                             ;
; 4:1                ; 15 bits   ; 30 LEs        ; 30 LEs               ; 0 LEs                  ; Yes        ; |tld_ecdsa|e_k163_point_multiplication:sign_pmul_r|e_k163_point_addition:first_component|e_gf2m_divider:divider|d[6]                                                                 ;
; 3:1                ; 4 bits    ; 8 LEs         ; 4 LEs                ; 4 LEs                  ; Yes        ; |tld_ecdsa|e_k163_point_multiplication:sign_pmul_r|e_k163_point_addition:first_component|e_gf2m_interleaved_multiplier:multiplier|count[0]                                           ;
; 3:1                ; 8 bits    ; 16 LEs        ; 8 LEs                ; 8 LEs                  ; Yes        ; |tld_ecdsa|e_k163_point_multiplication:sign_pmul_r|e_k163_point_addition:first_component|e_gf2m_interleaved_multiplier:multiplier|e_gf2m_interleaved_data_path:data_path|bb[2]       ;
; 4:1                ; 15 bits   ; 30 LEs        ; 30 LEs               ; 0 LEs                  ; Yes        ; |tld_ecdsa|e_k163_point_multiplication:sign_pmul_u1gu2q|e_k163_point_addition:first_component|e_gf2m_divider:divider|d[3]                                                            ;
; 3:1                ; 4 bits    ; 8 LEs         ; 4 LEs                ; 4 LEs                  ; Yes        ; |tld_ecdsa|e_k163_point_multiplication:sign_pmul_u1gu2q|e_k163_point_addition:first_component|e_gf2m_interleaved_multiplier:multiplier|count[3]                                      ;
; 3:1                ; 8 bits    ; 16 LEs        ; 8 LEs                ; 8 LEs                  ; Yes        ; |tld_ecdsa|e_k163_point_multiplication:sign_pmul_u1gu2q|e_k163_point_addition:first_component|e_gf2m_interleaved_multiplier:multiplier|e_gf2m_interleaved_data_path:data_path|bb[6]  ;
; 4:1                ; 15 bits   ; 30 LEs        ; 30 LEs               ; 0 LEs                  ; Yes        ; |tld_ecdsa|e_k163_point_multiplication:sign_pmul_u1gu2qb|e_k163_point_addition:first_component|e_gf2m_divider:divider|b[3]                                                           ;
; 3:1                ; 4 bits    ; 8 LEs         ; 4 LEs                ; 4 LEs                  ; Yes        ; |tld_ecdsa|e_k163_point_multiplication:sign_pmul_u1gu2qb|e_k163_point_addition:first_component|e_gf2m_interleaved_multiplier:multiplier|count[3]                                     ;
; 3:1                ; 8 bits    ; 16 LEs        ; 8 LEs                ; 8 LEs                  ; Yes        ; |tld_ecdsa|e_k163_point_multiplication:sign_pmul_u1gu2qb|e_k163_point_addition:first_component|e_gf2m_interleaved_multiplier:multiplier|e_gf2m_interleaved_data_path:data_path|bb[2] ;
; 4:1                ; 2 bits    ; 4 LEs         ; 4 LEs                ; 0 LEs                  ; Yes        ; |tld_ecdsa|e_k163_point_multiplication:sign_pmul_r|xq_io[0]~reg0                                                                                                                     ;
; 4:1                ; 8 bits    ; 16 LEs        ; 16 LEs               ; 0 LEs                  ; Yes        ; |tld_ecdsa|e_k163_point_multiplication:sign_pmul_r|xq_io[3]~reg0                                                                                                                     ;
; 4:1                ; 8 bits    ; 16 LEs        ; 16 LEs               ; 0 LEs                  ; Yes        ; |tld_ecdsa|e_k163_point_multiplication:sign_pmul_u1gu2qb|xq_io[6]~reg0                                                                                                               ;
; 4:1                ; 2 bits    ; 4 LEs         ; 4 LEs                ; 0 LEs                  ; Yes        ; |tld_ecdsa|e_k163_point_multiplication:sign_pmul_u1gu2q|yq_io[0]~reg0                                                                                                                ;
; 4:1                ; 8 bits    ; 16 LEs        ; 16 LEs               ; 0 LEs                  ; Yes        ; |tld_ecdsa|e_k163_point_multiplication:sign_pmul_u1gu2q|xq_io[8]~reg0                                                                                                                ;
; 6:1                ; 8 bits    ; 32 LEs        ; 16 LEs               ; 16 LEs                 ; Yes        ; |tld_ecdsa|e_k163_point_multiplication:sign_pmul_r|yq_io[8]~reg0                                                                                                                     ;
; 6:1                ; 8 bits    ; 32 LEs        ; 16 LEs               ; 16 LEs                 ; Yes        ; |tld_ecdsa|e_k163_point_multiplication:sign_pmul_u1gu2q|yq_io[4]~reg0                                                                                                                ;
; 6:1                ; 8 bits    ; 32 LEs        ; 16 LEs               ; 16 LEs                 ; Yes        ; |tld_ecdsa|e_k163_point_multiplication:sign_pmul_u1gu2qb|yq_io[4]~reg0                                                                                                               ;
; 7:1                ; 2 bits    ; 8 LEs         ; 4 LEs                ; 4 LEs                  ; Yes        ; |tld_ecdsa|e_gf2m_interleaved_multiplier:sign_mul_darx|current_state[1]                                                                                                              ;
; 7:1                ; 2 bits    ; 8 LEs         ; 4 LEs                ; 4 LEs                  ; Yes        ; |tld_ecdsa|e_gf2m_eea_inversion:verify_invs|current_state[1]                                                                                                                         ;
; 7:1                ; 2 bits    ; 8 LEs         ; 4 LEs                ; 4 LEs                  ; Yes        ; |tld_ecdsa|e_gf2m_interleaved_multiplier:verify_mul_u1|current_state[0]                                                                                                              ;
; 7:1                ; 2 bits    ; 8 LEs         ; 4 LEs                ; 4 LEs                  ; Yes        ; |tld_ecdsa|e_gf2m_divider_inv:sign_divide_edarx_k|e_gf2m_interleaved_multiplier:multiplier|current_state[0]                                                                          ;
; 7:1                ; 2 bits    ; 8 LEs         ; 4 LEs                ; 4 LEs                  ; Yes        ; |tld_ecdsa|e_gf2m_divider_inv:sign_divide_edarx_k|e_gf2m_eea_inversion:inversion|current_state[1]                                                                                    ;
; 7:1                ; 2 bits    ; 8 LEs         ; 4 LEs                ; 4 LEs                  ; Yes        ; |tld_ecdsa|e_k163_point_addition:adder|e_gf2m_interleaved_multiplier:multiplier|current_state[0]                                                                                     ;
; 7:1                ; 2 bits    ; 8 LEs         ; 4 LEs                ; 4 LEs                  ; Yes        ; |tld_ecdsa|e_k163_point_multiplication:sign_pmul_r|e_k163_point_addition:first_component|e_gf2m_interleaved_multiplier:multiplier|current_state[1]                                   ;
; 7:1                ; 2 bits    ; 8 LEs         ; 4 LEs                ; 4 LEs                  ; Yes        ; |tld_ecdsa|e_k163_point_multiplication:sign_pmul_u1gu2q|e_k163_point_addition:first_component|e_gf2m_interleaved_multiplier:multiplier|current_state[0]                              ;
; 7:1                ; 2 bits    ; 8 LEs         ; 4 LEs                ; 4 LEs                  ; Yes        ; |tld_ecdsa|e_k163_point_multiplication:sign_pmul_u1gu2qb|e_k163_point_addition:first_component|e_gf2m_interleaved_multiplier:multiplier|current_state[0]                             ;
; 8:1                ; 3 bits    ; 15 LEs        ; 9 LEs                ; 6 LEs                  ; Yes        ; |tld_ecdsa|e_k163_point_addition:adder|e_gf2m_divider:divider|current_state[2]                                                                                                       ;
; 8:1                ; 3 bits    ; 15 LEs        ; 9 LEs                ; 6 LEs                  ; Yes        ; |tld_ecdsa|e_k163_point_multiplication:sign_pmul_r|e_k163_point_addition:first_component|e_gf2m_divider:divider|current_state[1]                                                     ;
; 8:1                ; 3 bits    ; 15 LEs        ; 9 LEs                ; 6 LEs                  ; Yes        ; |tld_ecdsa|e_k163_point_multiplication:sign_pmul_u1gu2q|e_k163_point_addition:first_component|e_gf2m_divider:divider|current_state[2]                                                ;
; 8:1                ; 3 bits    ; 15 LEs        ; 9 LEs                ; 6 LEs                  ; Yes        ; |tld_ecdsa|e_k163_point_multiplication:sign_pmul_u1gu2qb|e_k163_point_addition:first_component|e_gf2m_divider:divider|current_state[0]                                               ;
; 11:1               ; 3 bits    ; 21 LEs        ; 12 LEs               ; 9 LEs                  ; Yes        ; |tld_ecdsa|e_gf2m_divider_inv:sign_divide_edarx_k|current_state[0]                                                                                                                   ;
; 11:1               ; 3 bits    ; 21 LEs        ; 12 LEs               ; 9 LEs                  ; Yes        ; |tld_ecdsa|e_k163_point_addition:adder|current_state[1]                                                                                                                              ;
; 11:1               ; 3 bits    ; 21 LEs        ; 12 LEs               ; 9 LEs                  ; Yes        ; |tld_ecdsa|e_k163_point_multiplication:sign_pmul_r|e_k163_point_addition:first_component|current_state[2]                                                                            ;
; 11:1               ; 3 bits    ; 21 LEs        ; 12 LEs               ; 9 LEs                  ; Yes        ; |tld_ecdsa|e_k163_point_multiplication:sign_pmul_u1gu2q|e_k163_point_addition:first_component|current_state[2]                                                                       ;
; 11:1               ; 3 bits    ; 21 LEs        ; 12 LEs               ; 9 LEs                  ; Yes        ; |tld_ecdsa|e_k163_point_multiplication:sign_pmul_u1gu2qb|e_k163_point_addition:first_component|current_state[0]                                                                      ;
; 19:1               ; 2 bits    ; 24 LEs        ; 14 LEs               ; 10 LEs                 ; Yes        ; |tld_ecdsa|e_k163_point_multiplication:sign_pmul_r|current_state[0]                                                                                                                  ;
; 19:1               ; 2 bits    ; 24 LEs        ; 14 LEs               ; 10 LEs                 ; Yes        ; |tld_ecdsa|e_k163_point_multiplication:sign_pmul_u1gu2q|current_state[0]                                                                                                             ;
; 19:1               ; 2 bits    ; 24 LEs        ; 14 LEs               ; 10 LEs                 ; Yes        ; |tld_ecdsa|e_k163_point_multiplication:sign_pmul_u1gu2qb|current_state[0]                                                                                                            ;
; 26:1               ; 2 bits    ; 34 LEs        ; 14 LEs               ; 20 LEs                 ; Yes        ; |tld_ecdsa|current_state[4]                                                                                                                                                          ;
; 28:1               ; 3 bits    ; 54 LEs        ; 30 LEs               ; 24 LEs                 ; Yes        ; |tld_ecdsa|current_state[1]                                                                                                                                                          ;
; 3:1                ; 3 bits    ; 6 LEs         ; 3 LEs                ; 3 LEs                  ; Yes        ; |tld_ecdsa|e_gf2m_divider_inv:sign_divide_edarx_k|e_gf2m_eea_inversion:inversion|r[5]                                                                                                ;
; 3:1                ; 8 bits    ; 16 LEs        ; 8 LEs                ; 8 LEs                  ; Yes        ; |tld_ecdsa|e_gf2m_eea_inversion:verify_invs|r[2]                                                                                                                                     ;
+--------------------+-----------+---------------+----------------------+------------------------+------------+--------------------------------------------------------------------------------------------------------------------------------------------------------------------------------------+


+----------------------------------------------------------------------------------------------------------------+
; Port Connectivity Checks: "e_k163_point_addition:adder"                                                        ;
+------+--------+----------+-------------------------------------------------------------------------------------+
; Port ; Type   ; Severity ; Details                                                                             ;
+------+--------+----------+-------------------------------------------------------------------------------------+
; y3_o ; Output ; Info     ; Connected to dangling logic. Logic that only feeds a dangling port will be removed. ;
+------+--------+----------+-------------------------------------------------------------------------------------+


+---------------------------------------------------------------------------+
; Port Connectivity Checks: "e_k163_point_multiplication:sign_pmul_u1gu2qb" ;
+------------+-------+----------+-------------------------------------------+
; Port       ; Type  ; Severity ; Details                                   ;
+------------+-------+----------+-------------------------------------------+
; xp_i[7..6] ; Input ; Info     ; Stuck at VCC                              ;
; xp_i[5..3] ; Input ; Info     ; Stuck at GND                              ;
; xp_i[8]    ; Input ; Info     ; Stuck at GND                              ;
; xp_i[2]    ; Input ; Info     ; Stuck at VCC                              ;
; xp_i[1]    ; Input ; Info     ; Stuck at GND                              ;
; xp_i[0]    ; Input ; Info     ; Stuck at VCC                              ;
; yp_i[8..6] ; Input ; Info     ; Stuck at VCC                              ;
; yp_i[4..3] ; Input ; Info     ; Stuck at VCC                              ;
; yp_i[5]    ; Input ; Info     ; Stuck at GND                              ;
; yp_i[2]    ; Input ; Info     ; Stuck at GND                              ;
; yp_i[1]    ; Input ; Info     ; Stuck at VCC                              ;
; yp_i[0]    ; Input ; Info     ; Stuck at GND                              ;
+------------+-------+----------+-------------------------------------------+


+--------------------------------------------------------------------------+
; Port Connectivity Checks: "e_k163_point_multiplication:sign_pmul_u1gu2q" ;
+------------+-------+----------+------------------------------------------+
; Port       ; Type  ; Severity ; Details                                  ;
+------------+-------+----------+------------------------------------------+
; xp_i[7..5] ; Input ; Info     ; Stuck at VCC                             ;
; xp_i[3..1] ; Input ; Info     ; Stuck at VCC                             ;
; xp_i[8]    ; Input ; Info     ; Stuck at GND                             ;
; xp_i[4]    ; Input ; Info     ; Stuck at GND                             ;
; xp_i[0]    ; Input ; Info     ; Stuck at GND                             ;
; yp_i[3..0] ; Input ; Info     ; Stuck at VCC                             ;
; yp_i[8]    ; Input ; Info     ; Stuck at GND                             ;
; yp_i[7]    ; Input ; Info     ; Stuck at VCC                             ;
; yp_i[6]    ; Input ; Info     ; Stuck at GND                             ;
; yp_i[5]    ; Input ; Info     ; Stuck at VCC                             ;
; yp_i[4]    ; Input ; Info     ; Stuck at GND                             ;
+------------+-------+----------+------------------------------------------+


+--------------------------------------------------------------------+
; Port Connectivity Checks: "e_gf2m_divider_inv:sign_divide_edarx_k" ;
+-----------+-------+----------+-------------------------------------+
; Port      ; Type  ; Severity ; Details                             ;
+-----------+-------+----------+-------------------------------------+
; h_i[6..5] ; Input ; Info     ; Stuck at VCC                        ;
; h_i[8..7] ; Input ; Info     ; Stuck at GND                        ;
; h_i[2..1] ; Input ; Info     ; Stuck at GND                        ;
; h_i[4]    ; Input ; Info     ; Stuck at GND                        ;
; h_i[3]    ; Input ; Info     ; Stuck at VCC                        ;
; h_i[0]    ; Input ; Info     ; Stuck at VCC                        ;
+-----------+-------+----------+-------------------------------------+


+-------------------------------------------------------------------------+
; Port Connectivity Checks: "e_gf2m_interleaved_multiplier:sign_mul_darx" ;
+-----------+-------+----------+------------------------------------------+
; Port      ; Type  ; Severity ; Details                                  ;
+-----------+-------+----------+------------------------------------------+
; a_i[5..1] ; Input ; Info     ; Stuck at VCC                             ;
; a_i[8..6] ; Input ; Info     ; Stuck at GND                             ;
; a_i[0]    ; Input ; Info     ; Stuck at GND                             ;
+-----------+-------+----------+------------------------------------------+


+-----------------------------------------------------------------------------------------------------------------------------------------------------------------------------------+
; Port Connectivity Checks: "e_k163_point_multiplication:sign_pmul_r|e_k163_point_addition:first_component|e_gf2m_classic_squarer:lambda_square_computation|e_gf2m_reducer:reducer" ;
+---------+-------+----------+------------------------------------------------------------------------------------------------------------------------------------------------------+
; Port    ; Type  ; Severity ; Details                                                                                                                                              ;
+---------+-------+----------+------------------------------------------------------------------------------------------------------------------------------------------------------+
; d_i[15] ; Input ; Info     ; Stuck at GND                                                                                                                                         ;
; d_i[13] ; Input ; Info     ; Stuck at GND                                                                                                                                         ;
; d_i[11] ; Input ; Info     ; Stuck at GND                                                                                                                                         ;
; d_i[9]  ; Input ; Info     ; Stuck at GND                                                                                                                                         ;
; d_i[7]  ; Input ; Info     ; Stuck at GND                                                                                                                                         ;
; d_i[5]  ; Input ; Info     ; Stuck at GND                                                                                                                                         ;
; d_i[3]  ; Input ; Info     ; Stuck at GND                                                                                                                                         ;
; d_i[1]  ; Input ; Info     ; Stuck at GND                                                                                                                                         ;
+---------+-------+----------+------------------------------------------------------------------------------------------------------------------------------------------------------+


+---------------------------------------------------------------------------------------------------------------------+
; Port Connectivity Checks: "e_k163_point_multiplication:sign_pmul_r"                                                 ;
+------------+-------+----------+-------------------------------------------------------------------------------------+
; Port       ; Type  ; Severity ; Details                                                                             ;
+------------+-------+----------+-------------------------------------------------------------------------------------+
; xp_i[7..5] ; Input ; Info     ; Stuck at VCC                                                                        ;
; xp_i[3..1] ; Input ; Info     ; Stuck at VCC                                                                        ;
; xp_i[8]    ; Input ; Info     ; Stuck at GND                                                                        ;
; xp_i[4]    ; Input ; Info     ; Stuck at GND                                                                        ;
; xp_i[0]    ; Input ; Info     ; Stuck at GND                                                                        ;
; yp_i[3..0] ; Input ; Info     ; Stuck at VCC                                                                        ;
; yp_i[8]    ; Input ; Info     ; Stuck at GND                                                                        ;
; yp_i[7]    ; Input ; Info     ; Stuck at VCC                                                                        ;
; yp_i[6]    ; Input ; Info     ; Stuck at GND                                                                        ;
; yp_i[5]    ; Input ; Info     ; Stuck at VCC                                                                        ;
; yp_i[4]    ; Input ; Info     ; Stuck at GND                                                                        ;
; k[6..5]    ; Input ; Info     ; Stuck at VCC                                                                        ;
; k[8..7]    ; Input ; Info     ; Stuck at GND                                                                        ;
; k[2..1]    ; Input ; Info     ; Stuck at GND                                                                        ;
; k[4]       ; Input ; Info     ; Stuck at GND                                                                        ;
; k[3]       ; Input ; Info     ; Stuck at VCC                                                                        ;
; k[0]       ; Input ; Info     ; Stuck at VCC                                                                        ;
; yq_io      ; Bidir ; Warning  ; Connected to dangling logic. Logic that only feeds a dangling port will be removed. ;
+------------+-------+----------+-------------------------------------------------------------------------------------+


+-------------------------------+
; Elapsed Time Per Partition    ;
+----------------+--------------+
; Partition Name ; Elapsed Time ;
+----------------+--------------+
; Top            ; 00:00:05     ;
+----------------+--------------+


+-------------------------------+
; Analysis & Synthesis Messages ;
+-------------------------------+
Info: *******************************************************************
Info: Running Quartus II 64-Bit Analysis & Synthesis
    Info: Version 13.0.1 Build 232 06/12/2013 Service Pack 1 SJ Web Edition
    Info: Processing started: Tue Aug 29 19:47:44 2017
Info: Command: quartus_map --read_settings_files=on --write_settings_files=off fpga-ecdsa -c fpga-ecdsa
Warning (20028): Parallel compilation is not licensed and has been disabled
Info (12021): Found 2 design units, including 1 entities, in source file /users/mail/nas/projects/fpga-ecdsa/src/e_sipo_register.vhd
    Info (12022): Found design unit 1: e_sipo_register-rtl
    Info (12023): Found entity 1: e_sipo_register
Info (12021): Found 3 design units, including 1 entities, in source file /users/mail/nas/projects/fpga-ecdsa/src/e_k163_doubleadd_point_multiplication.vhd
    Info (12022): Found design unit 1: e_k163_doubleadd_point_multiplication_package
    Info (12022): Found design unit 2: e_k163_doubleadd_point_multiplication-rtl
    Info (12023): Found entity 1: e_k163_doubleadd_point_multiplication
Info (12021): Found 2 design units, including 1 entities, in source file /users/mail/nas/projects/fpga-ecdsa/tests/tb_k163_point_doubling.vhd
    Info (12022): Found design unit 1: tb_k163_point_doubling-rtl
    Info (12023): Found entity 1: tb_k163_point_doubling
Info (12021): Found 3 design units, including 1 entities, in source file /users/mail/nas/projects/fpga-ecdsa/src/e_k163_point_doubling.vhd
    Info (12022): Found design unit 1: e_k163_point_doubling_package
    Info (12022): Found design unit 2: e_k163_point_doubling-rtl
    Info (12023): Found entity 1: e_k163_point_doubling
Info (12021): Found 5 design units, including 2 entities, in source file /users/mail/nas/projects/fpga-ecdsa/src/e_k163_montgomery_point_multiplication.vhd
    Info (12022): Found design unit 1: e_k163_montgomery_point_multiplication_parameters
    Info (12022): Found design unit 2: e_k163_montgomery_point_multiplication_data_path-rtl
    Info (12022): Found design unit 3: e_k163_montgomery_point_multiplication-rtl
    Info (12023): Found entity 1: e_k163_montgomery_point_multiplication_data_path
    Info (12023): Found entity 2: e_k163_montgomery_point_multiplication
Info (12021): Found 5 design units, including 2 entities, in source file /users/mail/nas/projects/fpga-ecdsa/src/e_gf2m_montgomery_mult.vhd
    Info (12022): Found design unit 1: e_gf2m_montgomery_mult_package
    Info (12022): Found design unit 2: e_gf2m_montgomery_data_path-rtl
    Info (12022): Found design unit 3: e_gf2m_montgomery_mult-rtl
    Info (12023): Found entity 1: e_gf2m_montgomery_data_path
    Info (12023): Found entity 2: e_gf2m_montgomery_mult
Info (12021): Found 3 design units, including 1 entities, in source file /users/mail/nas/projects/fpga-ecdsa/src/e_gf2m_divider_inv.vhd
    Info (12022): Found design unit 1: e_gf2m_divider_inv_parameters
    Info (12022): Found design unit 2: e_gf2m_divider_inv-rtl
    Info (12023): Found entity 1: e_gf2m_divider_inv
Info (12021): Found 2 design units, including 1 entities, in source file /users/mail/nas/projects/fpga-ecdsa/tests/tb_k163_point_addition.vhd
    Info (12022): Found design unit 1: tb_k163_point_addition-rtl
    Info (12023): Found entity 1: tb_k163_point_addition
Info (12021): Found 3 design units, including 1 entities, in source file /users/mail/nas/projects/fpga-ecdsa/src/e_gf2m_divider.vhd
    Info (12022): Found design unit 1: e_gf2m_divider_parameters
    Info (12022): Found design unit 2: e_gf2m_divider-rtl
    Info (12023): Found entity 1: e_gf2m_divider
Info (12021): Found 2 design units, including 1 entities, in source file /users/mail/nas/projects/fpga-ecdsa/tests/tb_sha256_testrom.vhd
    Info (12022): Found design unit 1: testrom-behaviour
    Info (12023): Found entity 1: testrom
Info (12021): Found 2 design units, including 1 entities, in source file /users/mail/nas/projects/fpga-ecdsa/tests/tb_sha256.vhd
    Info (12022): Found design unit 1: tb_sha256-testbench
    Info (12023): Found entity 1: tb_sha256
Info (12021): Found 2 design units, including 1 entities, in source file /users/mail/nas/projects/fpga-ecdsa/tests/tb_ecdsa.vhd
    Info (12022): Found design unit 1: tb_k163_ecdsa-rtl
    Info (12023): Found entity 1: tb_k163_ecdsa
Info (12021): Found 5 design units, including 2 entities, in source file /users/mail/nas/projects/fpga-ecdsa/src/e_gf2m_eea_inversion.vhd
    Info (12022): Found design unit 1: p_gf2m_eea_inversion_package
    Info (12022): Found design unit 2: e_gf2m_eea_inversion_data_path-rtl
    Info (12022): Found design unit 3: e_gf2m_eea_inversion-rtl
    Info (12023): Found entity 1: e_gf2m_eea_inversion_data_path
    Info (12023): Found entity 2: e_gf2m_eea_inversion
Info (12021): Found 8 design units, including 3 entities, in source file /users/mail/nas/projects/fpga-ecdsa/src/e_gf2m_classic_multiplier.vhd
    Info (12022): Found design unit 1: p_gf2m_classic_multiplier_parameters
    Info (12022): Found design unit 2: p_gf2m_classic_multiplier_parameters-body
    Info (12022): Found design unit 3: e_gf2m_multiplier-rtl
    Info (12022): Found design unit 4: e_gf2m_cm_reducer-rtl
    Info (12022): Found design unit 5: e_gf2m_classic_multiplier-rtl
    Info (12023): Found entity 1: e_gf2m_multiplier
    Info (12023): Found entity 2: e_gf2m_cm_reducer
    Info (12023): Found entity 3: e_gf2m_classic_multiplier
Info (12021): Found 3 design units, including 1 entities, in source file /users/mail/nas/projects/fpga-ecdsa/src/tld_ecdsa.vhd
    Info (12022): Found design unit 1: tld_k163_ecdsa_package
    Info (12022): Found design unit 2: tld_ecdsa-rtl
    Info (12023): Found entity 1: tld_ecdsa
Info (12021): Found 2 design units, including 1 entities, in source file /users/mail/nas/projects/fpga-ecdsa/tests/tb_k163_point_multiplication.vhd
    Info (12022): Found design unit 1: tb_k163_point_multupliation-rtl
    Info (12023): Found entity 1: tb_k163_point_multupliation
Info (12021): Found 3 design units, including 1 entities, in source file /users/mail/nas/projects/fpga-ecdsa/src/e_k163_point_multiplication.vhd
    Info (12022): Found design unit 1: e_k163_point_multiplication_package
    Info (12022): Found design unit 2: e_k163_point_multiplication-rtl
    Info (12023): Found entity 1: e_k163_point_multiplication
Info (12021): Found 3 design units, including 1 entities, in source file /users/mail/nas/projects/fpga-ecdsa/src/e_k163_point_addition.vhd
    Info (12022): Found design unit 1: e_k163_point_addition_package
    Info (12022): Found design unit 2: e_k163_point_addition-rtl
    Info (12023): Found entity 1: e_k163_point_addition
Info (12021): Found 6 design units, including 2 entities, in source file /users/mail/nas/projects/fpga-ecdsa/src/e_gf2m_squarer.vhd
    Info (12022): Found design unit 1: p_gf2m_classic_squarer_parameters
    Info (12022): Found design unit 2: p_gf2m_classic_squarer_parameters-body
    Info (12022): Found design unit 3: e_gf2m_reducer-rtl
    Info (12022): Found design unit 4: e_gf2m_classic_squarer-rtl
    Info (12023): Found entity 1: e_gf2m_reducer
    Info (12023): Found entity 2: e_gf2m_classic_squarer
Info (12021): Found 5 design units, including 2 entities, in source file /users/mail/nas/projects/fpga-ecdsa/src/e_gf2m_interleaved_mult.vhd
    Info (12022): Found design unit 1: p_gf2m_interleaved_mult_package
    Info (12022): Found design unit 2: e_gf2m_interleaved_data_path-rtl
    Info (12022): Found design unit 3: e_gf2m_interleaved_multiplier-rtl
    Info (12023): Found entity 1: e_gf2m_interleaved_data_path
    Info (12023): Found entity 2: e_gf2m_interleaved_multiplier
Info (12021): Found 1 design units, including 0 entities, in source file /users/mail/nas/projects/fpga-ecdsa/src/e_sha256_types.vhd
    Info (12022): Found design unit 1: sha256_types
Info (12021): Found 2 design units, including 0 entities, in source file /users/mail/nas/projects/fpga-ecdsa/src/e_sha256_functions.vhd
    Info (12022): Found design unit 1: sha256_functions
    Info (12022): Found design unit 2: sha256_functions-body
Info (12021): Found 1 design units, including 0 entities, in source file /users/mail/nas/projects/fpga-ecdsa/src/e_sha256_constants.vhd
    Info (12022): Found design unit 1: sha256_constants
Info (12021): Found 2 design units, including 1 entities, in source file /users/mail/nas/projects/fpga-ecdsa/src/e_sha256.vhd
    Info (12022): Found design unit 1: sha256-behaviour
    Info (12023): Found entity 1: sha256
Info (12021): Found 2 design units, including 1 entities, in source file /users/mail/nas/projects/fpga-ecdsa/tests/tb_gf2m_eea_inversion.vhd
    Info (12022): Found design unit 1: tb_eea_inversion-rtl
    Info (12023): Found entity 1: tb_eea_inversion
Info (12127): Elaborating entity "tld_ecdsa" for the top level hierarchy
Warning (10036): Verilog HDL or VHDL warning at tld_ecdsa.vhd(170): object "xQA" assigned a value but never read
Warning (10036): Verilog HDL or VHDL warning at tld_ecdsa.vhd(171): object "yQA" assigned a value but never read
Warning (10036): Verilog HDL or VHDL warning at tld_ecdsa.vhd(172): object "N" assigned a value but never read
Warning (10036): Verilog HDL or VHDL warning at tld_ecdsa.vhd(196): object "yP" assigned a value but never read
Info (12128): Elaborating entity "e_k163_point_multiplication" for hierarchy "e_k163_point_multiplication:sign_pmul_r"
Info (12128): Elaborating entity "e_k163_point_addition" for hierarchy "e_k163_point_multiplication:sign_pmul_r|e_k163_point_addition:first_component"
Info (12128): Elaborating entity "e_gf2m_divider" for hierarchy "e_k163_point_multiplication:sign_pmul_r|e_k163_point_addition:first_component|e_gf2m_divider:divider"
Info (12128): Elaborating entity "e_gf2m_classic_squarer" for hierarchy "e_k163_point_multiplication:sign_pmul_r|e_k163_point_addition:first_component|e_gf2m_classic_squarer:lambda_square_computation"
Info (12128): Elaborating entity "e_gf2m_reducer" for hierarchy "e_k163_point_multiplication:sign_pmul_r|e_k163_point_addition:first_component|e_gf2m_classic_squarer:lambda_square_computation|e_gf2m_reducer:reducer"
Info (12128): Elaborating entity "e_gf2m_interleaved_multiplier" for hierarchy "e_k163_point_multiplication:sign_pmul_r|e_k163_point_addition:first_component|e_gf2m_interleaved_multiplier:multiplier"
Info (12128): Elaborating entity "e_gf2m_interleaved_data_path" for hierarchy "e_k163_point_multiplication:sign_pmul_r|e_k163_point_addition:first_component|e_gf2m_interleaved_multiplier:multiplier|e_gf2m_interleaved_data_path:data_path"
Warning (10492): VHDL Process Statement warning at e_gf2m_interleaved_mult.vhd(85): signal "rst_i" is read inside the Process Statement but isn't in the Process Statement's sensitivity list
Warning (10492): VHDL Process Statement warning at e_gf2m_interleaved_mult.vhd(100): signal "rst_i" is read inside the Process Statement but isn't in the Process Statement's sensitivity list
Warning (10492): VHDL Process Statement warning at e_gf2m_interleaved_mult.vhd(116): signal "rst_i" is read inside the Process Statement but isn't in the Process Statement's sensitivity list
Info (12128): Elaborating entity "e_gf2m_divider_inv" for hierarchy "e_gf2m_divider_inv:sign_divide_edarx_k"
Info (12128): Elaborating entity "e_gf2m_eea_inversion" for hierarchy "e_gf2m_divider_inv:sign_divide_edarx_k|e_gf2m_eea_inversion:inversion"
Warning (10492): VHDL Process Statement warning at e_gf2m_eea_inversion.vhd(164): signal "first_step" is read inside the Process Statement but isn't in the Process Statement's sensitivity list
Warning (10492): VHDL Process Statement warning at e_gf2m_eea_inversion.vhd(165): signal "a_i" is read inside the Process Statement but isn't in the Process Statement's sensitivity list
Info (12128): Elaborating entity "e_gf2m_eea_inversion_data_path" for hierarchy "e_gf2m_divider_inv:sign_divide_edarx_k|e_gf2m_eea_inversion:inversion|e_gf2m_eea_inversion_data_path:data_path_block"
Warning (12241): 1 hierarchies have connectivity warnings - see the Connectivity Checks report folder
Info (13000): Registers with preset signals will power-up high
Info (13003): DEV_CLRn pin will set, and not reset, register with preset signal due to NOT Gate Push-Back
Warning (13004): Presettable and clearable registers converted to equivalent circuits with latches. Registers power-up to an undefined state, and DEVCLRn places the registers in an undefined state.
    Warning (13310): Register "e_gf2m_eea_inversion:verify_invs|r[8]" is converted into an equivalent circuit using register "e_gf2m_eea_inversion:verify_invs|r[8]~_emulated" and latch "e_gf2m_eea_inversion:verify_invs|r[8]~1"
    Warning (13310): Register "e_gf2m_eea_inversion:verify_invs|r[7]" is converted into an equivalent circuit using register "e_gf2m_eea_inversion:verify_invs|r[7]~_emulated" and latch "e_gf2m_eea_inversion:verify_invs|r[7]~5"
    Warning (13310): Register "e_gf2m_eea_inversion:verify_invs|r[6]" is converted into an equivalent circuit using register "e_gf2m_eea_inversion:verify_invs|r[6]~_emulated" and latch "e_gf2m_eea_inversion:verify_invs|r[6]~9"
    Warning (13310): Register "e_gf2m_eea_inversion:verify_invs|r[5]" is converted into an equivalent circuit using register "e_gf2m_eea_inversion:verify_invs|r[5]~_emulated" and latch "e_gf2m_eea_inversion:verify_invs|r[5]~13"
    Warning (13310): Register "e_gf2m_eea_inversion:verify_invs|r[4]" is converted into an equivalent circuit using register "e_gf2m_eea_inversion:verify_invs|r[4]~_emulated" and latch "e_gf2m_eea_inversion:verify_invs|r[4]~17"
    Warning (13310): Register "e_gf2m_eea_inversion:verify_invs|r[3]" is converted into an equivalent circuit using register "e_gf2m_eea_inversion:verify_invs|r[3]~_emulated" and latch "e_gf2m_eea_inversion:verify_invs|r[3]~21"
    Warning (13310): Register "e_gf2m_eea_inversion:verify_invs|r[2]" is converted into an equivalent circuit using register "e_gf2m_eea_inversion:verify_invs|r[2]~_emulated" and latch "e_gf2m_eea_inversion:verify_invs|r[2]~25"
    Warning (13310): Register "e_gf2m_eea_inversion:verify_invs|r[1]" is converted into an equivalent circuit using register "e_gf2m_eea_inversion:verify_invs|r[1]~_emulated" and latch "e_gf2m_eea_inversion:verify_invs|r[1]~29"
    Warning (13310): Register "e_gf2m_eea_inversion:verify_invs|r[0]" is converted into an equivalent circuit using register "e_gf2m_eea_inversion:verify_invs|r[0]~_emulated" and latch "e_gf2m_eea_inversion:verify_invs|r[0]~33"
Info (16010): Generating hard_block partition "hard_block:auto_generated_inst"
    Info (16011): Adding 0 node(s), including 0 DDIO, 0 PLL, 0 transceiver and 0 LCELL
Info (21057): Implemented 1433 device resources after synthesis - the final resource count might be different
    Info (21058): Implemented 31 input pins
    Info (21059): Implemented 20 output pins
    Info (21061): Implemented 1382 logic cells
Info: Quartus II 64-Bit Analysis & Synthesis was successful. 0 errors, 21 warnings
    Info: Peak virtual memory: 556 megabytes
    Info: Processing ended: Tue Aug 29 19:47:52 2017
    Info: Elapsed time: 00:00:08
    Info: Total CPU time (on all processors): 00:00:08


